<?xml version="1.0" encoding="UTF-8"?>
<testsuite name="TestSuite" time="9.564" tests="3" errors="0" skipped="0" failures="0">
  <properties>
    <property name="java.runtime.name" value="Java(TM) SE Runtime Environment"/>
    <property name="java.vm.version" value="11.0.14+8-LTS-263"/>
    <property name="sun.boot.library.path" value="C:\Program Files\Java\jdk-11.0.14\bin"/>
    <property name="maven.multiModuleProjectDirectory" value="C:\Users\Act\eclipse-workspace\IBM-workspace\com.ibm.api.restAssured.afternoon"/>
    <property name="java.vm.vendor" value="Oracle Corporation"/>
    <property name="java.vendor.url" value="https://openjdk.java.net/"/>
    <property name="guice.disable.misplaced.annotation.check" value="true"/>
    <property name="path.separator" value=";"/>
    <property name="java.vm.name" value="Java HotSpot(TM) 64-Bit Server VM"/>
    <property name="sun.os.patch.level" value=""/>
    <property name="user.script" value=""/>
    <property name="user.country" value="IN"/>
    <property name="sun.java.launcher" value="SUN_STANDARD"/>
    <property name="java.vm.specification.name" value="Java Virtual Machine Specification"/>
    <property name="user.dir" value="C:\Users\Act\eclipse-workspace\IBM-workspace\com.ibm.api.restAssured.afternoon"/>
    <property name="java.vm.compressedOopsMode" value="Zero based"/>
    <property name="java.runtime.version" value="11.0.14+8-LTS-263"/>
    <property name="java.awt.graphicsenv" value="sun.awt.Win32GraphicsEnvironment"/>
    <property name="os.arch" value="amd64"/>
    <property name="java.io.tmpdir" value="C:\Users\Act\AppData\Local\Temp\"/>
    <property name="line.separator" value="&#10;"/>
    <property name="java.vm.specification.vendor" value="Oracle Corporation"/>
    <property name="user.variant" value=""/>
    <property name="os.name" value="Windows 10"/>
    <property name="classworlds.conf" value="D:\download_tool\apache-maven-3.8.6\bin\m2.conf"/>
    <property name="sun.jnu.encoding" value="Cp1252"/>
    <property name="java.library.path" value="C:\Program Files\Java\jdk-11.0.14\bin;C:\WINDOWS\Sun\Java\bin;C:\WINDOWS\system32;C:\WINDOWS;C:\Program Files\Common Files\Oracle\Java\javapath;D:\InstalledApps\Anaconda3;D:\InstalledApps\Anaconda3\Library\mingw-w64\bin;D:\InstalledApps\Anaconda3\Library\usr\bin;D:\InstalledApps\Anaconda3\Library\bin;D:\InstalledApps\Anaconda3\Scripts;C:\WINDOWS\system32;C:\WINDOWS;C:\WINDOWS\System32\Wbem;C:\WINDOWS\System32\WindowsPowerShell\v1.0\;C:\WINDOWS\System32\OpenSSH\;D:\InstalledApps\nodes\;C:\ProgramData\chocolatey\bin;C:\Python310\;D:\InstalledApps\nodes;C:\Users\Act\AppData\Local\Android\Sdk\platform-tools;C:\Users\Act\AppData\Local\Android\Sdk\tools;C:\Users\Act\AppData\Local\Android\Sdk\tools\bin;C:\Program Files\Java\jdk-11.0.14\bin;C:\Program Files\Git\cmd;C:\Program Files\Git\bin;D:\download_tool\VSCode-win32-x64-1.67.1_latest;C:\Users\Act\AppData\Roaming\npm\node_modules\gauge;D:\download_tool\apache-maven-3.8.6\bin;C:\Program Files\PostgreSQL\11\bin;D:\InstalledApps\SoapUI-5.6.0\bin;C:\Program Files\Java\jdk1.8.0_231\bin;C:\Program Files\MySQL\MySQL Shell 8.0\bin\;C:\Users\Act\AppData\Local\Microsoft\WindowsApps;C:\Users\Act\AppData\Roaming\npm;C:\Users\Act\AppData\Local\GitHubDesktop\bin;D:\InstalledApps\JetBrains\IntelliJ IDEA Community Edition 2021.3.2\bin;."/>
    <property name="maven.conf" value="D:\download_tool\apache-maven-3.8.6/conf"/>
    <property name="jdk.debug" value="release"/>
    <property name="java.class.version" value="55.0"/>
    <property name="java.specification.name" value="Java Platform API Specification"/>
    <property name="sun.management.compiler" value="HotSpot 64-Bit Tiered Compilers"/>
    <property name="os.version" value="10.0"/>
    <property name="library.jansi.path" value="D:\download_tool\apache-maven-3.8.6\lib\jansi-native"/>
    <property name="user.home" value="C:\Users\Act"/>
    <property name="user.timezone" value="Asia/Calcutta"/>
    <property name="java.awt.printerjob" value="sun.awt.windows.WPrinterJob"/>
    <property name="file.encoding" value="Cp1252"/>
    <property name="java.specification.version" value="11"/>
    <property name="user.name" value="Act"/>
    <property name="java.class.path" value="D:\download_tool\apache-maven-3.8.6\boot\plexus-classworlds-2.6.0.jar"/>
    <property name="java.vm.specification.version" value="11"/>
    <property name="sun.arch.data.model" value="64"/>
    <property name="sun.java.command" value="org.codehaus.plexus.classworlds.launcher.Launcher test"/>
    <property name="java.home" value="C:\Program Files\Java\jdk-11.0.14"/>
    <property name="user.language" value="en"/>
    <property name="java.specification.vendor" value="Oracle Corporation"/>
    <property name="awt.toolkit" value="sun.awt.windows.WToolkit"/>
    <property name="java.vm.info" value="mixed mode"/>
    <property name="java.version" value="11.0.14"/>
    <property name="java.vendor" value="Oracle Corporation"/>
    <property name="sun.stderr.encoding" value="cp437"/>
    <property name="maven.home" value="D:\download_tool\apache-maven-3.8.6"/>
    <property name="file.separator" value="\"/>
    <property name="java.version.date" value="2022-01-18"/>
    <property name="java.vendor.url.bug" value="https://bugreport.java.com/bugreport/"/>
    <property name="sun.io.unicode.encoding" value="UnicodeLittle"/>
    <property name="sun.cpu.endian" value="little"/>
    <property name="java.vendor.version" value="18.9"/>
    <property name="sun.stdout.encoding" value="cp437"/>
    <property name="sun.desktop" value="windows"/>
    <property name="sun.cpu.isalist" value="amd64"/>
  </properties>
  <testcase name="Post_TC_01_CreateUser" classname="restAssuredAPI.Post_CreateUser" time="9.564"/>
  <testcase name="Post_TC_01_CreateUser" classname="restAssuredAPI.Post_CreateUser" time="4.603"/>
  <testcase name="Post_TC_01_CreateUser" classname="restAssuredAPI.Post_CreateUser" time="4.848"/>
</testsuite>