<?xml version="1.0" encoding="UTF-8"?>
<!-- Generated by org.testng.reporters.JUnitReportReporter -->
<testsuite hostname="DESKTOP-H0PI4DT" failures="0" tests="1" name="restAssuredAPI.GET_ListUser" time="3.836" errors="0" timestamp="2022-07-27T12:33:48 IST" skipped="0">
  <testcase classname="restAssuredAPI.GET_ListUser" name="GET_TC_02_ListeUser" time="3.836"/>
  <system-out/>
</testsuite> <!-- restAssuredAPI.GET_ListUser -->
