<?xml version="1.0" encoding="UTF-8"?>
<!-- Generated by org.testng.reporters.JUnitReportReporter -->
<testsuite hostname="DESKTOP-H0PI4DT" failures="0" tests="1" name="restAPI_reqres.GET_01_ListUser_Validation2" time="6.096" errors="0" timestamp="2022-07-26T13:23:37 IST" skipped="0">
  <testcase classname="restAPI_reqres.GET_01_ListUser_Validation2" name="verifyStatusCode" time="6.096"/>
  <system-out/>
</testsuite> <!-- restAPI_reqres.GET_01_ListUser_Validation2 -->
