<?xml version="1.0" encoding="UTF-8"?>
<!-- Generated by org.testng.reporters.JUnitReportReporter -->
<testsuite hostname="DESKTOP-H0PI4DT" failures="0" tests="3" name="restAssuredAPI.Post_CreateUser" time="18.615" errors="0" timestamp="2022-07-27T12:56:56 IST" skipped="0">
  <testcase classname="restAssuredAPI.Post_CreateUser" name="Post_TC_01_CreateUser" time="4.625"/>
  <system-out/>
  <testcase classname="restAssuredAPI.Post_CreateUser" name="Post_TC_01_CreateUser" time="9.388"/>
  <system-out/>
  <testcase classname="restAssuredAPI.Post_CreateUser" name="Post_TC_01_CreateUser" time="4.602"/>
  <system-out/>
</testsuite> <!-- restAssuredAPI.Post_CreateUser -->
