<?xml version="1.0" encoding="UTF-8"?>
<!-- Generated by org.testng.reporters.JUnitReportReporter -->
<testsuite hostname="DESKTOP-H0PI4DT" failures="0" tests="1" name="restAssuredAPI.PUT_UpdateUser" time="5.643" errors="0" timestamp="2022-07-27T12:17:58 IST" skipped="0">
  <testcase classname="restAssuredAPI.PUT_UpdateUser" name="PUT_TC_01_UpdateUser_test" time="5.643"/>
  <system-out/>
</testsuite> <!-- restAssuredAPI.PUT_UpdateUser -->
