<?xml version="1.0" encoding="UTF-8"?>
<!-- Generated by org.testng.reporters.JUnitReportReporter -->
<testsuite hostname="DESKTOP-H0PI4DT" failures="0" tests="4" name="restAPI_reqres.GET_01_ListUser_Validation" time="0.145" errors="0" timestamp="2022-07-26T12:40:14 IST" skipped="0">
  <testcase classname="restAPI_reqres.GET_01_ListUser_Validation" name="verifyContentType" time="0.016"/>
  <system-out/>
  <testcase classname="restAPI_reqres.GET_01_ListUser_Validation" name="verifyResponseBodyValue" time="0.122"/>
  <system-out/>
  <testcase classname="restAPI_reqres.GET_01_ListUser_Validation" name="verifyResponseTime" time="0.004"/>
  <system-out/>
  <testcase classname="restAPI_reqres.GET_01_ListUser_Validation" name="verifyStatusCode" time="0.003"/>
  <system-out/>
</testsuite> <!-- restAPI_reqres.GET_01_ListUser_Validation -->
