<?xml version="1.0" encoding="UTF-8"?>
<!-- Generated by org.testng.reporters.JUnitReportReporter -->
<testsuite hostname="DESKTOP-H0PI4DT" failures="0" tests="1" name="restAssuredAPI.Post_CreateRepo" time="5.871" errors="0" timestamp="2022-07-27T12:27:02 IST" skipped="0">
  <testcase classname="restAssuredAPI.Post_CreateRepo" name="Post_TC_01_CreateUser" time="5.871"/>
  <system-out/>
</testsuite> <!-- restAssuredAPI.Post_CreateRepo -->
