<?xml version="1.0" encoding="UTF-8"?>
<!-- Generated by org.testng.reporters.JUnitReportReporter -->
<testsuite hostname="DESKTOP-H0PI4DT" failures="0" tests="1" name="restAPI_reqres.GET_01_ListUser" time="3.995" errors="0" timestamp="2022-07-26T12:30:38 IST" skipped="0">
  <testcase classname="restAPI_reqres.GET_01_ListUser" name="verifyListUserTest" time="3.995"/>
  <system-out/>
</testsuite> <!-- restAPI_reqres.GET_01_ListUser -->
