<?xml version="1.0" encoding="UTF-8"?>
<!-- Generated by org.testng.reporters.JUnitReportReporter -->
<testsuite hostname="DESKTOP-H0PI4DT" failures="0" tests="1" name="restAssuredAPI.Delete_user" time="3.536" errors="0" timestamp="2022-07-27T12:08:16 IST" skipped="0">
  <testcase classname="restAssuredAPI.Delete_user" name="GET_TC_01_ListeUser" time="3.536"/>
  <system-out/>
</testsuite> <!-- restAssuredAPI.Delete_user -->
