<?xml version="1.0" encoding="UTF-8"?>
<!-- Generated by org.testng.reporters.JUnitReportReporter -->
<testsuite hostname="DESKTOP-H0PI4DT" failures="0" tests="1" name="restAssuredAPI.Patch_UpdateUser2" time="5.043" errors="0" timestamp="2022-07-27T12:18:58 IST" skipped="0">
  <testcase classname="restAssuredAPI.Patch_UpdateUser2" name="PUT_TC_01_UpdateUser_test" time="5.043"/>
  <system-out/>
</testsuite> <!-- restAssuredAPI.Patch_UpdateUser2 -->
