<?xml version="1.0" encoding="UTF-8"?>
<!-- Generated by org.testng.reporters.JUnitReportReporter -->
<testsuite hostname="DESKTOP-H0PI4DT" failures="0" tests="3" name="restAssuredAPI.Post_CreateUser" time="19.013" errors="0" timestamp="2022-07-27T12:58:28 IST" skipped="0">
  <testcase classname="restAssuredAPI.Post_CreateUser" name="Post_TC_01_CreateUser" time="4.848"/>
  <system-out/>
  <testcase classname="restAssuredAPI.Post_CreateUser" name="Post_TC_01_CreateUser" time="9.564"/>
  <system-out/>
  <testcase classname="restAssuredAPI.Post_CreateUser" name="Post_TC_01_CreateUser" time="4.601"/>
  <system-out/>
</testsuite> <!-- restAssuredAPI.Post_CreateUser -->
